<?xml version="1.0" encoding="UTF-8"?>
<!-- Generated by org.testng.reporters.JUnitReportReporter -->
<testsuite failures="0" tests="1" name="com.it.web.AutomationBasic.FirstAutomation" time="20.853" errors="0" timestamp="2023-07-20T23:18:03 BDT" skipped="0">
  <testcase classname="com.it.web.AutomationBasic.FirstAutomation" name="FirstTest" time="20.853"/>
</testsuite> <!-- com.it.web.AutomationBasic.FirstAutomation -->
